<?xml version="1.0" encoding="UTF-8"?>
<!-- Generated by org.testng.reporters.JUnitReportReporter -->
<testsuite hostname="Raju" failures="0" tests="5" name="Tests.DreamsTotalTest" time="0.598" errors="0" timestamp="2025-05-22T05:02:58 IST" skipped="0">
  <testcase classname="Tests.DreamsTotalTest" name="verifyGoodDreamsCount" time="0.051">
    <system-out>
      <![CDATA[🟩 Good dreams count: 6
✅ Verified Good dreams count is 6]]>
    </system-out>
  </testcase> <!-- verifyGoodDreamsCount -->
  <testcase classname="Tests.DreamsTotalTest" name="verifyBadDreamsCount" time="0.063">
    <system-out>
      <![CDATA[🟥 Bad dreams count: 4
✅ Verified Bad dreams count is 4]]>
    </system-out>
  </testcase> <!-- verifyBadDreamsCount -->
  <testcase classname="Tests.DreamsTotalTest" name="verifyTotalDreamsCount" time="0.066">
    <system-out>
      <![CDATA[📊 Total dreams count: 10
✅ Verified Total dreams count is 10]]>
    </system-out>
  </testcase> <!-- verifyTotalDreamsCount -->
  <testcase classname="Tests.DreamsTotalTest" name="verifyRecurringDreamsCount" time="0.090">
    <system-out>
      <![CDATA[🔁 Recurring dreams count: 2
✅ Verified Recurring dreams count is 2]]>
    </system-out>
  </testcase> <!-- verifyRecurringDreamsCount -->
  <testcase classname="Tests.DreamsTotalTest" name="verifyRecurringDreamsAreCorrect" time="0.328">
    <system-out>
      <![CDATA[✅ Switched to dreams-diary.html
📃 Dream name frequency map: {Winning lottery=1, Being late to exam=1, Monster chase=1, Flying over mountains=3, Time travel adventure=1, Lost in maze=2, Swimming with dolphins=1}
🔁 Recurring dreams detected: [Flying over mountains, Lost in maze]
✅ Verified recurring dreams: [Flying over mountains, Lost in maze]]]>
    </system-out>
  </testcase> <!-- verifyRecurringDreamsAreCorrect -->
  <system-out>
    <![CDATA[🌐 Opened homepage: https://arjitnigam.github.io/myDreams/
🔄 Loading animation initially visible: true
⏱ Loading animation disappeared: true (Waited ~3239 ms)
📄 Main content visible after loader: true
🌐 Opened homepage: https://arjitnigam.github.io/myDreams/
⌛ Waiting for 'My Dreams' button to be visible...
📄 Main content visible after waiting: true
🌐 Opened homepage: https://arjitnigam.github.io/myDreams/
🖱️ Clicked on 'My Dreams' button
🧭 Switched to tab with URL: https://arjitnigam.github.io/myDreams/dreams-total.html
🧭 Switched to tab with URL: https://arjitnigam.github.io/myDreams/dreams-diary.html
↩️ Switched back to original tab
✅ dreams-diary.html opened: true
✅ dreams-total.html opened: true
✅ Clicked on 'My Dreams' button
✅ Switched to dreams-diary.html
📝 Row columns data:
   Column 1: Flying over mountains
   Column 2: 1 day ago
   Column 3: Good
🔍 Validating dream: Flying over mountains
🎯 Actual dream type: Good
🤖 AI classification for 'Flying over mountains' is: Good
📝 Row columns data:
   Column 1: Lost in maze
   Column 2: 2 days ago
   Column 3: Bad
🔍 Validating dream: Lost in maze
🎯 Actual dream type: Bad
🤖 AI classification for 'Lost in maze' is: Bad
📝 Row columns data:
   Column 1: Flying over mountains
   Column 2: 3 days ago
   Column 3: Good
🔍 Validating dream: Flying over mountains
🎯 Actual dream type: Good
🤖 AI classification for 'Flying over mountains' is: Good
📝 Row columns data:
   Column 1: Winning lottery
   Column 2: 4 days ago
   Column 3: Good
🔍 Validating dream: Winning lottery
🎯 Actual dream type: Good
🤖 AI classification for 'Winning lottery' is: Good
📝 Row columns data:
   Column 1: Being late to exam
   Column 2: 5 days ago
   Column 3: Bad
🔍 Validating dream: Being late to exam
🎯 Actual dream type: Bad
🤖 AI classification for 'Being late to exam' is: Bad
📝 Row columns data:
   Column 1: Lost in maze
   Column 2: 6 days ago
   Column 3: Bad
🔍 Validating dream: Lost in maze
🎯 Actual dream type: Bad
🤖 AI classification for 'Lost in maze' is: Bad
📝 Row columns data:
   Column 1: Swimming with dolphins
   Column 2: 7 days ago
   Column 3: Good
🔍 Validating dream: Swimming with dolphins
🎯 Actual dream type: Good
🤖 AI classification for 'Swimming with dolphins' is: Good
📝 Row columns data:
   Column 1: Flying over mountains
   Column 2: 8 days ago
   Column 3: Good
🔍 Validating dream: Flying over mountains
🎯 Actual dream type: Good
🤖 AI classification for 'Flying over mountains' is: Good
📝 Row columns data:
   Column 1: Time travel adventure
   Column 2: 9 days ago
   Column 3: Good
🔍 Validating dream: Time travel adventure
🎯 Actual dream type: Good
🤖 AI classification for 'Time travel adventure' is: Good
📝 Row columns data:
   Column 1: Monster chase
   Column 2: 10 days ago
   Column 3: Bad
🔍 Validating dream: Monster chase
🎯 Actual dream type: Bad
🤖 AI classification for 'Monster chase' is: Bad
✅ All dreams were successfully classified by AI and matched actual types
✅ All rows have Name, Days Ago, and Type columns filled: true
✅ All dream types are either 'Good' or 'Bad': true
✅ Total dream entries found: 10
✅ Clicked on 'My Dreams' button
🔁 Switched to tab with URL: https://arjitnigam.github.io/myDreams/
🔁 Switched to tab with URL: https://arjitnigam.github.io/myDreams/dreams-total.html
✅ Switched to dreams-total.html
🟩 Good dreams count: 6
✅ Verified Good dreams count is 6
🟥 Bad dreams count: 4
✅ Verified Bad dreams count is 4
📊 Total dreams count: 10
✅ Verified Total dreams count is 10
🔁 Recurring dreams count: 2
✅ Verified Recurring dreams count is 2
✅ Switched to dreams-diary.html
📃 Dream name frequency map: {Winning lottery=1, Being late to exam=1, Monster chase=1, Flying over mountains=3, Time travel adventure=1, Lost in maze=2, Swimming with dolphins=1}
🔁 Recurring dreams detected: [Flying over mountains, Lost in maze]
✅ Verified recurring dreams: [Flying over mountains, Lost in maze]]]>
  </system-out>
</testsuite> <!-- Tests.DreamsTotalTest -->
